<?xml version="1.0" encoding="UTF-8"?>
<testng-results ignored="0" total="1" passed="1" failed="0" skipped="0">
  <reporter-output>
  </reporter-output>
  <suite started-at="2026-03-27T10:57:07 IST" name="Suite" finished-at="2026-03-27T10:57:07 IST" duration-ms="137">
    <groups>
      <group name="regression">
        <method signature="Demo1Test.DhurandarTest()[pri:0, instance:practice.Demo1Test@74235045]" name="DhurandarTest" class="practice.Demo1Test"/>
      </group> <!-- regression -->
    </groups>
    <test started-at="2026-03-27T10:57:07 IST" name="Test" finished-at="2026-03-27T10:57:07 IST" duration-ms="137">
      <class name="practice.Demo1Test">
        <test-method signature="DhurandarTest()[pri:0, instance:practice.Demo1Test@74235045]" started-at="2026-03-27T10:57:07 IST" name="DhurandarTest" finished-at="2026-03-27T10:57:07 IST" duration-ms="17" status="PASS">
          <reporter-output>
          </reporter-output>
        </test-method> <!-- DhurandarTest -->
      </class> <!-- practice.Demo1Test -->
    </test> <!-- Test -->
  </suite> <!-- Suite -->
</testng-results>
